{"level":"error","message":"n1 is incorrectly defined","service":"calculate-service"}
{"level":"info","message":"Parameters 674 and 7867 received for addition","service":"calculate-service"}
{"level":"info","message":"Parameters 674 and 7867 received for subtraction","service":"calculate-service"}
{"level":"info","message":"Parameters 64 and 78 received for addition","service":"calculate-service"}
{"level":"info","message":"Parameters 64 and 78 received for subtraction","service":"calculate-service"}
{"level":"info","message":"Parameters 64 and 78 received for subtraction","service":"calculate-service"}
{"level":"error","message":"Error: Incorrectly defined input","service":"calculate-service"}
{"level":"info","message":"Parameters 64 and 593 received for subtraction","service":"calculate-service"}
{"level":"info","message":"Parameters 23364 and 593 received for subtraction","service":"calculate-service"}
{"level":"info","message":"Parameters 23364 and 593 received for division","service":"calculate-service"}
{"level":"info","message":"Parameters 0 and 593 received for division","service":"calculate-service"}
{"level":"error","message":"Error: Incorrectly defined input","service":"calculate-service"}
{"level":"error","message":"Error: Incorrectly defined input","service":"calculate-service"}
{"level":"error","message":"Error: Incorrectly defined input. Enter numerical values only!","service":"calculate-service"}
{"level":"error","message":"Error: Incorrectly defined input. Enter numerical values only!","service":"calculate-service"}
{"level":"error","message":"Error: Incorrectly defined input. Enter numerical values only!","service":"calculate-service"}
{"level":"info","message":"Parameters 134 and 454 received for division","service":"calculate-service"}
{"level":"info","message":"Parameters 134 and 0 received for division","service":"calculate-service"}
{"level":"error","message":"Error: Division by zero","service":"calculate-service"}
{"level":"error","message":"Error: Incorrectly defined input. Enter numerical values only!","service":"calculate-service"}
