{"level":"error","message":"n1 is incorrectly defined","service":"calculate-service"}
{"level":"info","message":"Parameters 674 and 7867 received for addition","service":"calculate-service"}
{"level":"info","message":"Parameters 674 and 7867 received for subtraction","service":"calculate-service"}
{"level":"info","message":"Parameters 64 and 78 received for addition","service":"calculate-service"}
{"level":"info","message":"Parameters 64 and 78 received for subtraction","service":"calculate-service"}
{"level":"info","message":"Parameters 64 and 78 received for subtraction","service":"calculate-service"}
{"level":"error","message":"Error: Incorrectly defined input","service":"calculate-service"}
{"level":"info","message":"Parameters 64 and 593 received for subtraction","service":"calculate-service"}
{"level":"info","message":"Parameters 23364 and 593 received for subtraction","service":"calculate-service"}
{"level":"info","message":"Parameters 23364 and 593 received for division","service":"calculate-service"}
{"level":"info","message":"Parameters 0 and 593 received for division","service":"calculate-service"}
{"level":"error","message":"Error: Incorrectly defined input","service":"calculate-service"}
{"level":"error","message":"Error: Incorrectly defined input","service":"calculate-service"}
{"level":"error","message":"Error: Incorrectly defined input. Enter numerical values only!","service":"calculate-service"}
{"level":"error","message":"Error: Incorrectly defined input. Enter numerical values only!","service":"calculate-service"}
{"level":"error","message":"Error: Incorrectly defined input. Enter numerical values only!","service":"calculate-service"}
{"level":"info","message":"Parameters 134 and 454 received for division","service":"calculate-service"}
{"level":"info","message":"Parameters 134 and 0 received for division","service":"calculate-service"}
{"level":"error","message":"Error: Division by zero","service":"calculate-service"}
{"level":"error","message":"Error: Incorrectly defined input. Enter numerical values only!","service":"calculate-service"}
{"level":"error","message":"Error: Incorrectly defined input. Enter numerical values only!","service":"calculate-service"}
{"level":"info","message":"Parameters 43 and 22 received for exponentiation","service":"calculate-service"}
{"level":"info","message":"Parameters 43 and 0 received for exponentiation","service":"calculate-service"}
{"level":"info","message":"Parameters 43 and 0 received for exponentiation","service":"calculate-service"}
{"level":"info","message":"Parameters 0 and 34 received for exponentiation","service":"calculate-service"}
{"level":"info","message":"Parameters 0 and 0 received for exponentiation","service":"calculate-service"}
{"level":"error","message":"Error: Incorrectly defined input. Enter correct numerical values only!","service":"calculate-service"}
{"level":"error","message":"Error: Incorrectly defined input. Enter correct numerical values only!","service":"calculate-service"}
{"level":"error","message":"Error: Incorrectly defined input. Enter correct numerical values only!","service":"calculate-service"}
{"level":"error","message":"Error: Incorrectly defined input. Enter correct numerical values only!","service":"calculate-service"}
{"level":"info","message":"Parameters 5 and 7 received for modulo","service":"calculate-service"}
{"level":"error","message":"Error: Incorrectly defined input. Enter correct numerical values only!","service":"calculate-service"}
{"level":"info","message":"Parameters 1006 and 7 received for modulo","service":"calculate-service"}
{"level":"info","message":"Parameters 1006 and 4564 received for modulo","service":"calculate-service"}
{"level":"error","message":"Error: Incorrectly defined input. Enter correct numerical values only!","service":"calculate-service"}
{"level":"error","message":"Error: Incorrectly defined input. Enter correct numerical values only!","service":"calculate-service"}
{"level":"error","message":"Error: Incorrectly defined input. Enter correct numerical values only!","service":"calculate-service"}
{"level":"error","message":"Error: Incorrectly defined input. Enter correct numerical values only!","service":"calculate-service"}
{"level":"error","message":"Error: Incorrectly defined input. Enter correct numerical values only!","service":"calculate-service"}
{"level":"error","message":"Error: Incorrectly defined input. Enter correct numerical values only!","service":"calculate-service"}
{"level":"error","message":"Error: Incorrectly defined input. Enter correct numerical values only!","service":"calculate-service"}
{"level":"info","message":"Parameter 25 received for square root","service":"calculate-service"}
